WARNING:EDK:878 - Could not find IP doc
   http://www.xilinx.com/cgi-bin/docs/ipdoc?c=axi_vdma;v=v5_04_a;d=pg020_axi_vdm
   a.pdf
WARNING:EDK:878 - Could not find IP doc
   http://www.xilinx.com/cgi-bin/docs/ipdoc?c=axi_interconnect;v=v1_06_a;d=ds768
   _axi_interconnect.pdf
WARNING:EDK:878 - Could not find IP doc
   http://www.xilinx.com/cgi-bin/docs/ipdoc?c=axi_interconnect;v=v1_06_a;d=ds768
   _axi_interconnect.pdf
WARNING:EDK:878 - Could not find IP doc
   http://www.xilinx.com/cgi-bin/docs/ipdoc?c=axi_iic;v=v1_02_a;d=axi_iic_ds756.
   pdf
WARNING:EDK:878 - Could not find IP doc
   http://www.xilinx.com/cgi-bin/docs/ipdoc?c=clock_generator;v=v4_03_a;d=clock_
   generator.pdf
WARNING:EDK:878 - Could not find IP doc
   http://www.xilinx.com/cgi-bin/docs/ipdoc?c=axi_iic;v=v1_02_a;d=axi_iic_ds756.
   pdf
WARNING:EDK:878 - Could not find IP doc
   http://www.xilinx.com/cgi-bin/docs/ipdoc?c=axi_interconnect;v=v1_06_a;d=ds768
   _axi_interconnect.pdf
WARNING:EDK:878 - Could not find IP doc
   http://www.xilinx.com/cgi-bin/docs/ipdoc?c=axi_dma;v=v6_03_a;d=pg021_axi_dma.
   pdf
Generated Block Diagram.
Rasterizing processing_system7_0.jpg.....
Rasterizing axi_vdma_0.jpg.....
Rasterizing axi_interconnect_1.jpg.....
Rasterizing axi_interconnect_2.jpg.....
Rasterizing axi_hdmi_tx_16b_0.jpg.....
Rasterizing axi_spdif_tx_0.jpg.....
Rasterizing axi_iic_0.jpg.....
Rasterizing axi_clkgen_0.jpg.....
Rasterizing clock_generator_0.jpg.....
Rasterizing util_vector_logic_0.jpg.....
Rasterizing axi_i2s_adi_0.jpg.....
Rasterizing util_i2c_mixer_0.jpg.....
Rasterizing axi_iic_1.jpg.....
Rasterizing axi_interconnect_3.jpg.....
Rasterizing axi_dma_0.jpg.....
Rasterizing axi_ad7780_0.jpg.....
Rasterizing system_blkd.jpg.....
Report generated.
Report generation completed.
