############################################################
              Zynq Internal frequencies log
############################################################


PASSED 


Input Crystal Frequency:     33.333  MHz


PLL frequencies :

********************************************************************************
|                        |    ARM PLL     |   DDR_PLL     |   IO_PLL    |           
********************************************************************************
| Prog Multiplier        |            40            32            30    
| Frequency (MHz)        |      1333.333      1066.667      1000.000    
********************************************************************************



Zynq Peripherals Frequncies :
______________________________________________________________________________________________________________________________________________________

 |  Peripheral   |   Freq Requested (MHz)   |   Freq Achieved (MHz)   |   Clock source   |   Tolerance    |  Prog Divisor 1    |   Prog Divisor 2     
______________________________________________________________________________________________________________________________________________________
 | 
 |          qspi            200.000               190.476                 ARM_PLL             4.762(%)               7        
 | 
 |           cpu            666.667               666.667                 ARM_PLL             0.000(%)               2        
 | 
 |           ddr            533.333               533.333                 DDR_PLL             0.000(%)               2        
 | 
 |           dci             10.159                10.159                 DDR_PLL             0.003(%)              35               3        
 | 
 |          gem0            125.000               125.000                  IO_PLL             0.000(%)               8               1        
 | 
 |          sdio             50.000                50.000                  IO_PLL             0.000(%)              20        
 | 
 |          uart             50.000                50.000                  IO_PLL             0.000(%)              20        
 | 
 |           spi            100.000               100.000                  IO_PLL             0.000(%)              10        
 | 
 |          pcap            200.000               200.000                  IO_PLL             0.000(%)               5        
 | 
 |         fpga0            100.000               100.000                  IO_PLL             0.000(%)              10               1        
 | 
 |         fpga1            150.000               142.857                  IO_PLL             4.762(%)               7               1        
 | 
 |         fpga2            200.000               200.000                  IO_PLL             0.000(%)               5               1        
 | 
 |         fpga3             20.000                20.000                  IO_PLL             0.000(%)              50               1        
 | 
______________________________________________________________________________________________________________________________________________________
