#
# A fatal error has been detected by the Java Runtime Environment:
#
#  SIGSEGV (0xb) at pc=0x00007fd2931c4740, pid=164790, tid=164791
#
# JRE version: OpenJDK Runtime Environment 18.9 (11.0.11+9) (build 11.0.11+9)
# Java VM: OpenJDK 64-Bit Server VM 18.9 (11.0.11+9, mixed mode, tiered, compressed oops, g1 gc, linux-amd64)
# Problematic frame:
# C  0x00007fd2931c4740
#
# No core dump will be written. Core dumps have been disabled. To enable core dumping, try "ulimit -c unlimited" before starting Java again
#
# If you would like to submit a bug report, please visit:
#   https://bugreport.java.com/bugreport/crash.jsp
# The crash happened outside the Java Virtual Machine in native code.
# See problematic frame for where to report the bug.
#

---------------  S U M M A R Y ------------

Command Line: -Xms64m -Xmx1024m -Dorg.eclipse.swt.internal.gtk.cairoGraphics=false -Dosgi.configuration.area=@user.home/.Xilinx/Vitis/2022.1 --add-modules=ALL-SYSTEM --add-opens=java.base/java.nio=ALL-UNNAMED --add-opens=java.desktop/sun.swing=ALL-UNNAMED --add-opens=java.desktop/javax.swing=ALL-UNNAMED --add-opens=java.desktop/javax.swing.tree=ALL-UNNAMED --add-opens=java.desktop/javax.swing.plaf.basic=ALL-UNNAMED --add-opens=java.desktop/javax.swing.plaf.synth=ALL-UNNAMED --add-opens=java.desktop/com.sun.awt=ALL-UNNAMED --add-opens=java.desktop/sun.awt.X11=ALL-UNNAMED /tools/Xilinx/Vitis/2022.1/eclipse/lnx64.o//plugins/org.eclipse.equinox.launcher_1.5.700.v20200207-2156.jar -os linux -ws gtk -arch x86_64 -showsplash -launcher /tools/Xilinx/Vitis/2022.1/eclipse/lnx64.o/eclipse -name Eclipse --launcher.library /tools/Xilinx/Vitis/2022.1/eclipse/lnx64.o//plugins/org.eclipse.equinox.launcher.gtk.linux.x86_64_1.1.1100.v20190907-0426/eclipse_1801.so -startup /tools/Xilinx/Vitis/2022.1/eclipse/lnx64.o//plugins/org.eclipse.equinox.launcher_1.5.700.v20200207-2156.jar --launcher.overrideVmargs -exitdata 7802b -data /home/george/max_workspace/no-OS/projects/kairos_proj/build -vm /tools/Xilinx/Vitis/2022.1/tps/lnx64/jre11.0.11_9/bin/java -vmargs -Xms64m -Xmx1024m -Dorg.eclipse.swt.internal.gtk.cairoGraphics=false -Dosgi.configuration.area=@user.home/.Xilinx/Vitis/2022.1 --add-modules=ALL-SYSTEM --add-opens=java.base/java.nio=ALL-UNNAMED --add-opens=java.desktop/sun.swing=ALL-UNNAMED --add-opens=java.desktop/javax.swing=ALL-UNNAMED --add-opens=java.desktop/javax.swing.tree=ALL-UNNAMED --add-opens=java.desktop/javax.swing.plaf.basic=ALL-UNNAMED --add-opens=java.desktop/javax.swing.plaf.synth=ALL-UNNAMED --add-opens=java.desktop/com.sun.awt=ALL-UNNAMED --add-opens=java.desktop/sun.awt.X11=ALL-UNNAMED -jar /tools/Xilinx/Vitis/2022.1/eclipse/lnx64.o//plugins/org.eclipse.equinox.launcher_1.5.700.v20200207-2156.jar

Host: Intel(R) Core(TM) Ultra 7 265H, 16 cores, 62G, Debian GNU/Linux 13 (trixie)
Time: Wed Apr 29 19:05:16 2026 EEST elapsed time: 1578.444418 seconds (0d 0h 26m 18s)

---------------  T H R E A D  ---------------

Current thread (0x00007fd290016800):  JavaThread "main" [_thread_in_native, id=164791, stack(0x00007fd29970c000,0x00007fd29980c000)]

Stack: [0x00007fd29970c000,0x00007fd29980c000],  sp=0x00007fd299802698,  free space=985k
Native frames: (J=compiled Java code, A=aot compiled Java code, j=interpreted, Vv=VM code, C=native code)
C  0x00007fd2931c4740

Java frames: (J=compiled Java code, j=interpreted, Vv=VM code)
J 10516  org.eclipse.swt.internal.gtk.GTK.gtk_main_do_event(J)V (0 bytes) @ 0x00007fd280b19d81 [0x00007fd280b19d40+0x0000000000000041]
J 18245 c2 org.eclipse.swt.widgets.Display.eventProc(JJ)J (193 bytes) @ 0x00007fd280a5f6a0 [0x00007fd280a5f600+0x00000000000000a0]
v  ~StubRoutines::call_stub
J 10886  org.eclipse.swt.internal.gtk.OS.g_main_context_iteration(JZ)Z (0 bytes) @ 0x00007fd280b9ec84 [0x00007fd280b9ec40+0x0000000000000044]
J 12409 c2 org.eclipse.swt.widgets.Display.readAndDispatch()Z (77 bytes) @ 0x00007fd280d34d30 [0x00007fd280d34be0+0x0000000000000150]
J 20147% c2 org.eclipse.e4.ui.internal.workbench.swt.PartRenderingEngine$5.run()V (690 bytes) @ 0x00007fd28172cf74 [0x00007fd28172cd60+0x0000000000000214]
j  org.eclipse.core.databinding.observable.Realm.runWithDefault(Lorg/eclipse/core/databinding/observable/Realm;Ljava/lang/Runnable;)V+12
j  org.eclipse.e4.ui.internal.workbench.swt.PartRenderingEngine.run(Lorg/eclipse/e4/ui/model/application/MApplicationElement;Lorg/eclipse/e4/core/contexts/IEclipseContext;)Ljava/lang/Object;+57
j  org.eclipse.e4.ui.internal.workbench.E4Workbench.createAndRunUI(Lorg/eclipse/e4/ui/model/application/MApplicationElement;)V+20
j  org.eclipse.ui.internal.Workbench.lambda$3(Lorg/eclipse/swt/widgets/Display;Lorg/eclipse/ui/application/WorkbenchAdvisor;[I)V+452
j  org.eclipse.ui.internal.Workbench$$Lambda$162.run()V+12
j  org.eclipse.core.databinding.observable.Realm.runWithDefault(Lorg/eclipse/core/databinding/observable/Realm;Ljava/lang/Runnable;)V+12
j  org.eclipse.ui.internal.Workbench.createAndRunWorkbench(Lorg/eclipse/swt/widgets/Display;Lorg/eclipse/ui/application/WorkbenchAdvisor;)I+16
j  org.eclipse.ui.PlatformUI.createAndRunWorkbench(Lorg/eclipse/swt/widgets/Display;Lorg/eclipse/ui/application/WorkbenchAdvisor;)I+2
j  com.xilinx.ide.application.ui.Application.start(Lorg/eclipse/equinox/app/IApplicationContext;)Ljava/lang/Object;+115
j  org.eclipse.equinox.internal.app.EclipseAppHandle.run(Ljava/lang/Object;)Ljava/lang/Object;+138
j  org.eclipse.core.runtime.internal.adaptor.EclipseAppLauncher.runApplication(Ljava/lang/Object;)Ljava/lang/Object;+85
j  org.eclipse.core.runtime.internal.adaptor.EclipseAppLauncher.start(Ljava/lang/Object;)Ljava/lang/Object;+82
j  org.eclipse.core.runtime.adaptor.EclipseStarter.run(Ljava/lang/Object;)Ljava/lang/Object;+99
j  org.eclipse.core.runtime.adaptor.EclipseStarter.run([Ljava/lang/String;Ljava/lang/Runnable;)Ljava/lang/Object;+132
v  ~StubRoutines::call_stub
j  jdk.internal.reflect.NativeMethodAccessorImpl.invoke0(Ljava/lang/reflect/Method;Ljava/lang/Object;[Ljava/lang/Object;)Ljava/lang/Object;+0 java.base@11.0.11
j  jdk.internal.reflect.NativeMethodAccessorImpl.invoke(Ljava/lang/Object;[Ljava/lang/Object;)Ljava/lang/Object;+100 java.base@11.0.11
j  jdk.internal.reflect.DelegatingMethodAccessorImpl.invoke(Ljava/lang/Object;[Ljava/lang/Object;)Ljava/lang/Object;+6 java.base@11.0.11
j  java.lang.reflect.Method.invoke(Ljava/lang/Object;[Ljava/lang/Object;)Ljava/lang/Object;+59 java.base@11.0.11
j  org.eclipse.equinox.launcher.Main.invokeFramework([Ljava/lang/String;[Ljava/net/URL;)V+201
j  org.eclipse.equinox.launcher.Main.basicRun([Ljava/lang/String;)V+159
j  org.eclipse.equinox.launcher.Main.run([Ljava/lang/String;)I